<?xml version="1.0" encoding="utf-8"?><testsuites><testsuite name="pytest" errors="0" failures="0" skipped="0" tests="48" time="15.791" timestamp="2026-04-24T16:02:54.385451" hostname="929d94fa716d"><testcase classname="lingua_modified.tests.apps.main.test_batch_generation_end2end.TestBatchGenerationE2E" name="test_batch_generation_end2end" file="lingua_modified/tests/apps/main/test_batch_generation_end2end.py" line="33" time="0.191" /><testcase classname="lingua_modified.tests.apps.main.test_train_args.TestTrainArgs" name="test_parse_data_mode" file="lingua_modified/tests/apps/main/test_train_args.py" line="35" time="0.002" /><testcase classname="lingua_modified.tests.apps.main.test_train_args.TestTrainArgs" name="test_apply_data_to_synthetic_tasks_formatting_args" file="lingua_modified/tests/apps/main/test_train_args.py" line="40" time="0.001" /><testcase classname="lingua_modified.tests.apps.main.test_train_args.TestDepoDebugYamlAgainstTrainArgs" name="test_depo_debug_yaml_exists" file="lingua_modified/tests/apps/main/test_train_args.py" line="64" time="0.003" /><testcase classname="lingua_modified.tests.apps.main.test_train_args.TestDepoDebugYamlAgainstTrainArgs" name="test_depo_debug_yaml_merges_without_extra_or_invalid_keys" file="lingua_modified/tests/apps/main/test_train_args.py" line="67" time="0.071" /><testcase classname="lingua_modified.tests.apps.main.test_train_args.TestDepoDebugYamlAgainstTrainArgs" name="test_depo_debug_yaml_unknown_top_level_key_is_rejected" file="lingua_modified/tests/apps/main/test_train_args.py" line="71" time="0.046" /><testcase classname="lingua_modified.tests.apps.main.test_train_args.TestDepoDebugYamlAgainstTrainArgs" name="test_depo_debug_yaml_top_level_keys_are_subset_of_train_args_fields" file="lingua_modified/tests/apps/main/test_train_args.py" line="78" time="0.017" /><testcase classname="lingua_modified.tests.apps.main.test_train_args.TestDepoDebugYamlAgainstTrainArgs" name="test_prepare_train_args_does_not_raise" file="lingua_modified/tests/apps/main/test_train_args.py" line="85" time="0.054" /><testcase classname="lingua_modified.tests.apps.main.test_train_args.TestDepoDebugYamlAgainstTrainArgs" name="test_validate_train_args_passes" file="lingua_modified/tests/apps/main/test_train_args.py" line="89" time="0.059" /><testcase classname="lingua_modified.tests.apps.main.test_train_args.TestDepoDebugYamlAgainstTrainArgs" name="test_validate_dataloader_args" file="lingua_modified/tests/apps/main/test_train_args.py" line="101" time="0.621" /><testcase classname="data_synthetic_pretrain.tests.dataloader.test_dataloader.TestSyntheticDataLoader" name="test_format_sample" file="data_synthetic_pretrain/tests/dataloader/test_dataloader.py" line="70" time="0.039" /><testcase classname="data_synthetic_pretrain.tests.dataloader.test_dataloader.TestSyntheticDataLoader" name="test_sync_iter_batch_shape" file="data_synthetic_pretrain/tests/dataloader/test_dataloader.py" line="91" time="0.104" /><testcase classname="data_synthetic_pretrain.tests.dataloader.test_dataloader.TestSyntheticDataLoader" name="test_async_batched_batches_shape" file="data_synthetic_pretrain/tests/dataloader/test_dataloader.py" line="107" time="0.136" /><testcase classname="data_synthetic_pretrain.tests.dataloader.test_dataloader.TestSyntheticDataLoader" name="test_n_workers_must_be_positive" file="data_synthetic_pretrain/tests/dataloader/test_dataloader.py" line="123" time="0.003" /><testcase classname="data_synthetic_pretrain.tests.graph.test_graph.TestGraph" name="test_adjacency_list_multiple_neighbors" file="data_synthetic_pretrain/tests/graph/test_graph.py" line="48" time="0.010" /><testcase classname="data_synthetic_pretrain.tests.graph.test_graph.TestGraph" name="test_edges_list_length" file="data_synthetic_pretrain/tests/graph/test_graph.py" line="60" time="0.005" /><testcase classname="data_synthetic_pretrain.tests.graph.test_graph.TestGraph" name="test_edges_list_correctness" file="data_synthetic_pretrain/tests/graph/test_graph.py" line="64" time="0.003" /><testcase classname="data_synthetic_pretrain.tests.graph.test_graph_generator.TestGraphGenerator" name="test_generate_node_words_length_in_valid_range" file="data_synthetic_pretrain/tests/graph/test_graph_generator.py" line="37" time="0.047" /><testcase classname="data_synthetic_pretrain.tests.graph.test_graph_generator.TestGraphGenerator" name="test_generate_node_words_no_duplicates" file="data_synthetic_pretrain/tests/graph/test_graph_generator.py" line="45" time="0.130" /><testcase classname="data_synthetic_pretrain.tests.graph.test_graph_generator.TestGraphGenerator" name="test_generate_node_words_tokens_in_valid_range" file="data_synthetic_pretrain/tests/graph/test_graph_generator.py" line="51" time="0.013" /><testcase classname="data_synthetic_pretrain.tests.graph.test_graph_generator.TestGraphGenerator" name="test_generate_node_words_last_token_is_eow" file="data_synthetic_pretrain/tests/graph/test_graph_generator.py" line="58" time="0.004" /><testcase classname="data_synthetic_pretrain.tests.graph.test_graph_generator.TestGraphGenerator" name="test_generate_node_words_generates_min_and_max_length" file="data_synthetic_pretrain/tests/graph/test_graph_generator.py" line="64" time="0.016" /><testcase classname="data_synthetic_pretrain.tests.graph.test_graph_generator.TestGraphGenerator" name="test_generate_random_graph_correct_number_of_nodes" file="data_synthetic_pretrain/tests/graph/test_graph_generator.py" line="76" time="0.004" /><testcase classname="data_synthetic_pretrain.tests.graph.test_graph_generator.TestGraphGenerator" name="test_generate_random_graph_test_undirected_edges" file="data_synthetic_pretrain/tests/graph/test_graph_generator.py" line="81" time="0.016" /><testcase classname="data_synthetic_pretrain.tests.graph.test_graph_generator.TestGraphGenerator" name="test_generate_random_graph_test_directed_edges" file="data_synthetic_pretrain/tests/graph/test_graph_generator.py" line="88" time="0.006" /><testcase classname="data_synthetic_pretrain.tests.graph.test_graph_generator.TestGraphGenerator" name="test_generate_dag_one_edge_per_node" file="data_synthetic_pretrain/tests/graph/test_graph_generator.py" line="98" time="0.013" /><testcase classname="data_synthetic_pretrain.tests.graph.test_graph_generator.TestGraphGenerator" name="test_generate_dag_test_undirected_edges" file="data_synthetic_pretrain/tests/graph/test_graph_generator.py" line="104" time="0.013" /><testcase classname="data_synthetic_pretrain.tests.graph.test_graph_generator.TestGraphGeneratorDecoding" name="test_break_up_into_words_correctness" file="data_synthetic_pretrain/tests/graph/test_graph_generator.py" line="134" time="0.064" /><testcase classname="data_synthetic_pretrain.tests.graph.test_graph_generator.TestGraphGeneratorDecoding" name="test_break_up_into_words_with_special_tokens" file="data_synthetic_pretrain/tests/graph/test_graph_generator.py" line="140" time="0.040" /><testcase classname="data_synthetic_pretrain.tests.graph.test_graph_generator.TestGraphGeneratorDecoding" name="test_break_up_into_words_raises_with_malformed_sequence" file="data_synthetic_pretrain/tests/graph/test_graph_generator.py" line="146" time="0.016" /><testcase classname="data_synthetic_pretrain.tests.graph.test_graph_generator.TestGraphGeneratorDecoding" name="test_decode_from_edges_list_correctness" file="data_synthetic_pretrain/tests/graph/test_graph_generator.py" line="151" time="0.004" /><testcase classname="data_synthetic_pretrain.tests.graph.test_graph_generator.TestGraphGeneratorDecoding" name="test_decode_from_adjacency_list_correctness" file="data_synthetic_pretrain/tests/graph/test_graph_generator.py" line="158" time="0.002" /><testcase classname="data_synthetic_pretrain.tests.graph.test_graph_generator.TestGraphGeneratorEncodingDecodingPersistency" name="test_adjacency_list" file="data_synthetic_pretrain/tests/graph/test_graph_generator.py" line="187" time="0.016" /><testcase classname="data_synthetic_pretrain.tests.graph.test_graph_generator.TestGraphGeneratorEncodingDecodingPersistency" name="test_edges_list" file="data_synthetic_pretrain/tests/graph/test_graph_generator.py" line="195" time="0.031" /><testcase classname="data_synthetic_pretrain.tests.graph.test_models" name="test_special_token_from_int" file="data_synthetic_pretrain/tests/graph/test_models.py" line="3" time="0.006" /><testcase classname="data_synthetic_pretrain.tests.graph.test_models" name="test_encoding_config_from_yaml_like_dict" file="data_synthetic_pretrain/tests/graph/test_models.py" line="8" time="0.019" /><testcase classname="data_synthetic_pretrain.tests.tasks.test_depo.TestDepo" name="test_context_num_queries_is_correct" file="data_synthetic_pretrain/tests/tasks/test_depo.py" line="43" time="0.038" /><testcase classname="data_synthetic_pretrain.tests.tasks.test_depo.TestDepo" name="test_context_task_index_in_context" file="data_synthetic_pretrain/tests/tasks/test_depo.py" line="50" time="0.003" /><testcase classname="data_synthetic_pretrain.tests.tasks.test_depo.TestDepo" name="test_loss_mask_is_correct" file="data_synthetic_pretrain/tests/tasks/test_depo.py" line="56" time="0.004" /><testcase classname="data_synthetic_pretrain.tests.tasks.test_depo.TestDepo" name="test_depo_correctness_cyclic_graph" file="data_synthetic_pretrain/tests/tasks/test_depo.py" line="66" time="0.002" /><testcase classname="data_synthetic_pretrain.tests.tasks.test_depo.TestDepo" name="test_depo_eval_correct_answer[generation0-1.0-1.0]" file="data_synthetic_pretrain/tests/tasks/test_depo.py" line="101" time="0.011" /><testcase classname="data_synthetic_pretrain.tests.tasks.test_depo.TestDepo" name="test_depo_eval_correct_answer[generation1-0.0-0.0]" file="data_synthetic_pretrain/tests/tasks/test_depo.py" line="101" time="0.004" /><testcase classname="data_synthetic_pretrain.tests.tasks.test_depo.TestDepo" name="test_depo_eval_correct_answer[generation2-0.0-0.3333333333333333]" file="data_synthetic_pretrain/tests/tasks/test_depo.py" line="101" time="0.004" /><testcase classname="data_synthetic_pretrain.tests.tasks.test_depo.TestDepo" name="test_depo_eval_correct_answer[generation3-0.0-0.0]" file="data_synthetic_pretrain/tests/tasks/test_depo.py" line="101" time="0.004" /><testcase classname="data_synthetic_pretrain.tests.tasks.test_depo.TestDepo" name="test_depo_eval_correct_answer[generation4-0.0-0.0]" file="data_synthetic_pretrain/tests/tasks/test_depo.py" line="101" time="0.004" /><testcase classname="data_synthetic_pretrain.tests.tasks.test_depo.TestDepo" name="test_depo_eval_correct_answer[generation5-0.0-0.3333333333333333]" file="data_synthetic_pretrain/tests/tasks/test_depo.py" line="101" time="0.004" /><testcase classname="data_synthetic_pretrain.tests.tasks.test_depo.TestDepo" name="test_depo_eval_correct_answer[generation6-1.0-1.0]" file="data_synthetic_pretrain/tests/tasks/test_depo.py" line="101" time="0.004" /><testcase classname="data_synthetic_pretrain.tests.tasks.test_depo.TestDepo" name="test_depo_eval_correct_answer[generation7-0.0-0.0]" file="data_synthetic_pretrain/tests/tasks/test_depo.py" line="101" time="0.004" /></testsuite></testsuites>