<?xml version="1.0" encoding="utf-8"?><testsuites><testsuite name="pytest" errors="0" failures="0" skipped="0" tests="44" time="11.277" timestamp="2026-04-30T10:46:58.611527" hostname="fe5fa5639baa"><testcase classname="lingua_modified.tests.apps.main.test_train_args.TestTrainArgs" name="test_parse_data_mode" file="lingua_modified/tests/apps/main/test_train_args.py" line="35" time="0.003" /><testcase classname="lingua_modified.tests.apps.main.test_train_args.TestTrainArgs" name="test_apply_data_to_synthetic_tasks_formatting_args" file="lingua_modified/tests/apps/main/test_train_args.py" line="40" time="0.001" /><testcase classname="lingua_modified.tests.apps.main.test_train_args.TestDepoDebugYamlAgainstTrainArgs" name="test_depo_debug_yaml_exists" file="lingua_modified/tests/apps/main/test_train_args.py" line="64" time="0.001" /><testcase classname="lingua_modified.tests.apps.main.test_train_args.TestDepoDebugYamlAgainstTrainArgs" name="test_depo_debug_yaml_merges_without_extra_or_invalid_keys" file="lingua_modified/tests/apps/main/test_train_args.py" line="67" time="0.040" /><testcase classname="lingua_modified.tests.apps.main.test_train_args.TestDepoDebugYamlAgainstTrainArgs" name="test_depo_debug_yaml_unknown_top_level_key_is_rejected" file="lingua_modified/tests/apps/main/test_train_args.py" line="71" time="0.034" /><testcase classname="lingua_modified.tests.apps.main.test_train_args.TestDepoDebugYamlAgainstTrainArgs" name="test_depo_debug_yaml_top_level_keys_are_subset_of_train_args_fields" file="lingua_modified/tests/apps/main/test_train_args.py" line="78" time="0.010" /><testcase classname="lingua_modified.tests.apps.main.test_train_args.TestDepoDebugYamlAgainstTrainArgs" name="test_prepare_train_args_does_not_raise" file="lingua_modified/tests/apps/main/test_train_args.py" line="85" time="0.044" /><testcase classname="lingua_modified.tests.apps.main.test_train_args.TestDepoDebugYamlAgainstTrainArgs" name="test_validate_train_args_passes" file="lingua_modified/tests/apps/main/test_train_args.py" line="89" time="0.042" /><testcase classname="data_synthetic_pretrain.tests.dataloader.test_dataloader.TestSyntheticDataLoader" name="test_format_sample" file="data_synthetic_pretrain/tests/dataloader/test_dataloader.py" line="72" time="0.016" /><testcase classname="data_synthetic_pretrain.tests.dataloader.test_dataloader.TestSyntheticDataLoader" name="test_sync_iter_batch_shape" file="data_synthetic_pretrain/tests/dataloader/test_dataloader.py" line="93" time="0.025" /><testcase classname="data_synthetic_pretrain.tests.dataloader.test_dataloader.TestSyntheticDataLoader" name="test_async_batched_batches_shape" file="data_synthetic_pretrain/tests/dataloader/test_dataloader.py" line="109" time="0.035" /><testcase classname="data_synthetic_pretrain.tests.dataloader.test_dataloader.TestSyntheticDataLoader" name="test_n_workers_must_be_positive" file="data_synthetic_pretrain/tests/dataloader/test_dataloader.py" line="125" time="0.001" /><testcase classname="data_synthetic_pretrain.tests.graph.test_graph.TestGraph" name="test_adjacency_list_multiple_neighbors" file="data_synthetic_pretrain/tests/graph/test_graph.py" line="48" time="0.001" /><testcase classname="data_synthetic_pretrain.tests.graph.test_graph.TestGraph" name="test_edges_list_length" file="data_synthetic_pretrain/tests/graph/test_graph.py" line="60" time="0.003" /><testcase classname="data_synthetic_pretrain.tests.graph.test_graph.TestGraph" name="test_edges_list_correctness" file="data_synthetic_pretrain/tests/graph/test_graph.py" line="64" time="0.002" /><testcase classname="data_synthetic_pretrain.tests.graph.test_graph_generator.TestGraphGenerator" name="test_generate_node_words_length_in_valid_range" file="data_synthetic_pretrain/tests/graph/test_graph_generator.py" line="37" time="0.008" /><testcase classname="data_synthetic_pretrain.tests.graph.test_graph_generator.TestGraphGenerator" name="test_generate_node_words_no_duplicates" file="data_synthetic_pretrain/tests/graph/test_graph_generator.py" line="45" time="0.015" /><testcase classname="data_synthetic_pretrain.tests.graph.test_graph_generator.TestGraphGenerator" name="test_generate_node_words_tokens_in_valid_range" file="data_synthetic_pretrain/tests/graph/test_graph_generator.py" line="51" time="0.002" /><testcase classname="data_synthetic_pretrain.tests.graph.test_graph_generator.TestGraphGenerator" name="test_generate_node_words_last_token_is_eow" file="data_synthetic_pretrain/tests/graph/test_graph_generator.py" line="58" time="0.002" /><testcase classname="data_synthetic_pretrain.tests.graph.test_graph_generator.TestGraphGenerator" name="test_generate_node_words_generates_min_and_max_length" file="data_synthetic_pretrain/tests/graph/test_graph_generator.py" line="64" time="0.007" /><testcase classname="data_synthetic_pretrain.tests.graph.test_graph_generator.TestGraphGenerator" name="test_generate_random_graph_correct_number_of_nodes" file="data_synthetic_pretrain/tests/graph/test_graph_generator.py" line="76" time="0.003" /><testcase classname="data_synthetic_pretrain.tests.graph.test_graph_generator.TestGraphGenerator" name="test_generate_random_graph_test_undirected_edges" file="data_synthetic_pretrain/tests/graph/test_graph_generator.py" line="81" time="0.004" /><testcase classname="data_synthetic_pretrain.tests.graph.test_graph_generator.TestGraphGenerator" name="test_generate_random_graph_test_directed_edges" file="data_synthetic_pretrain/tests/graph/test_graph_generator.py" line="88" time="0.003" /><testcase classname="data_synthetic_pretrain.tests.graph.test_graph_generator.TestGraphGenerator" name="test_generate_dag_one_edge_per_node" file="data_synthetic_pretrain/tests/graph/test_graph_generator.py" line="98" time="0.003" /><testcase classname="data_synthetic_pretrain.tests.graph.test_graph_generator.TestGraphGenerator" name="test_generate_dag_test_undirected_edges" file="data_synthetic_pretrain/tests/graph/test_graph_generator.py" line="104" time="0.002" /><testcase classname="data_synthetic_pretrain.tests.graph.test_graph_generator.TestGraphGeneratorDecoding" name="test_decode_from_edges_list_correctness" file="data_synthetic_pretrain/tests/graph/test_graph_generator.py" line="151" time="0.003" /><testcase classname="data_synthetic_pretrain.tests.graph.test_graph_generator.TestGraphGeneratorDecoding" name="test_decode_from_adjacency_list_correctness" file="data_synthetic_pretrain/tests/graph/test_graph_generator.py" line="158" time="0.001" /><testcase classname="data_synthetic_pretrain.tests.graph.test_graph_generator.TestGraphGeneratorEncodingDecodingPersistency" name="test_adjacency_list" file="data_synthetic_pretrain/tests/graph/test_graph_generator.py" line="187" time="0.014" /><testcase classname="data_synthetic_pretrain.tests.graph.test_graph_generator.TestGraphGeneratorEncodingDecodingPersistency" name="test_edges_list" file="data_synthetic_pretrain/tests/graph/test_graph_generator.py" line="195" time="0.018" /><testcase classname="data_synthetic_pretrain.tests.graph.test_models" name="test_special_token_from_int" file="data_synthetic_pretrain/tests/graph/test_models.py" line="3" time="0.002" /><testcase classname="data_synthetic_pretrain.tests.graph.test_models" name="test_encoding_config_from_yaml_like_dict" file="data_synthetic_pretrain/tests/graph/test_models.py" line="8" time="0.002" /><testcase classname="data_synthetic_pretrain.tests.tasks.test_depo.TestDepo" name="test_context_num_queries_is_correct" file="data_synthetic_pretrain/tests/tasks/test_depo.py" line="46" time="0.006" /><testcase classname="data_synthetic_pretrain.tests.tasks.test_depo.TestDepo" name="test_context_task_index_in_context" file="data_synthetic_pretrain/tests/tasks/test_depo.py" line="53" time="0.004" /><testcase classname="data_synthetic_pretrain.tests.tasks.test_depo.TestDepo" name="test_loss_mask_is_correct" file="data_synthetic_pretrain/tests/tasks/test_depo.py" line="59" time="0.004" /><testcase classname="data_synthetic_pretrain.tests.tasks.test_depo.TestDepo" name="test_depo_correctness_cyclic_graph" file="data_synthetic_pretrain/tests/tasks/test_depo.py" line="69" time="0.002" /><testcase classname="data_synthetic_pretrain.tests.tasks.test_depo.TestDepo" name="test_depo_eval_correct_answer[generation0-1.0-1.0]" file="data_synthetic_pretrain/tests/tasks/test_depo.py" line="104" time="0.006" /><testcase classname="data_synthetic_pretrain.tests.tasks.test_depo.TestDepo" name="test_depo_eval_correct_answer[generation1-0.0-0.0]" file="data_synthetic_pretrain/tests/tasks/test_depo.py" line="104" time="0.003" /><testcase classname="data_synthetic_pretrain.tests.tasks.test_depo.TestDepo" name="test_depo_eval_correct_answer[generation2-0.0-0.3333333333333333]" file="data_synthetic_pretrain/tests/tasks/test_depo.py" line="104" time="0.004" /><testcase classname="data_synthetic_pretrain.tests.tasks.test_depo.TestDepo" name="test_depo_eval_correct_answer[generation3-0.0-0.0]" file="data_synthetic_pretrain/tests/tasks/test_depo.py" line="104" time="0.005" /><testcase classname="data_synthetic_pretrain.tests.tasks.test_depo.TestDepo" name="test_depo_eval_correct_answer[generation4-0.0-0.0]" file="data_synthetic_pretrain/tests/tasks/test_depo.py" line="104" time="0.009" /><testcase classname="data_synthetic_pretrain.tests.tasks.test_depo.TestDepo" name="test_depo_eval_correct_answer[generation5-0.0-0.3333333333333333]" file="data_synthetic_pretrain/tests/tasks/test_depo.py" line="104" time="0.004" /><testcase classname="data_synthetic_pretrain.tests.tasks.test_depo.TestDepo" name="test_depo_eval_correct_answer[generation6-1.0-1.0]" file="data_synthetic_pretrain/tests/tasks/test_depo.py" line="104" time="0.003" /><testcase classname="data_synthetic_pretrain.tests.tasks.test_depo.TestDepo" name="test_depo_eval_correct_answer[generation7-0.0-0.0]" file="data_synthetic_pretrain/tests/tasks/test_depo.py" line="104" time="0.004" /><testcase classname="data_synthetic_pretrain.tests.tasks.test_depo.TestDepoEvalSerialization" name="test_eval_set_roundtrip_from_constructor_mocks" file="data_synthetic_pretrain/tests/tasks/test_depo.py" line="272" time="0.013" /></testsuite></testsuites>